[1113/164012:WARNING:resource_bundle.cc(304)] locale_file_path.empty()
[1113/164012:ERROR:main_delegate.cc(564)] Could not load locale pak for en-US
[1113/164012:ERROR:main_delegate.cc(571)] Could not load cef.pak
[1113/164012:ERROR:main_delegate.cc(588)] Could not load cef_100_percent.pak
[1113/164013:WARNING:resource_bundle.cc(497)] locale resources are not loaded
[1113/164015:WARNING:resource_bundle.cc(304)] locale_file_path.empty()
[1113/164015:ERROR:main_delegate.cc(564)] Could not load locale pak for en-US
[1113/164015:ERROR:main_delegate.cc(571)] Could not load cef.pak
[1113/164015:ERROR:main_delegate.cc(588)] Could not load cef_100_percent.pak
[1113/164019:WARNING:resource_bundle.cc(304)] locale_file_path.empty()
[1113/164019:ERROR:main_delegate.cc(564)] Could not load locale pak for en-US
[1113/164019:ERROR:main_delegate.cc(571)] Could not load cef.pak
[1113/164019:ERROR:main_delegate.cc(588)] Could not load cef_100_percent.pak
[1113/164021:ERROR:renderer_main.cc(207)] Running without renderer sandbox
[1113/164037:WARNING:resource_bundle.cc(304)] locale_file_path.empty()
[1113/164037:ERROR:main_delegate.cc(564)] Could not load locale pak for en-US
[1113/164037:ERROR:main_delegate.cc(571)] Could not load cef.pak
[1113/164037:ERROR:main_delegate.cc(588)] Could not load cef_100_percent.pak
[1113/164038:WARNING:resource_bundle.cc(497)] locale resources are not loaded
[1113/164038:WARNING:resource_bundle.cc(304)] locale_file_path.empty()
[1113/164038:ERROR:main_delegate.cc(564)] Could not load locale pak for en-US
[1113/164038:ERROR:main_delegate.cc(571)] Could not load cef.pak
[1113/164038:ERROR:main_delegate.cc(588)] Could not load cef_100_percent.pak
[1113/164039:WARNING:resource_bundle.cc(304)] locale_file_path.empty()
[1113/164039:ERROR:main_delegate.cc(564)] Could not load locale pak for en-US
[1113/164039:ERROR:main_delegate.cc(571)] Could not load cef.pak
[1113/164039:ERROR:main_delegate.cc(588)] Could not load cef_100_percent.pak
[1113/164039:WARNING:resource_bundle.cc(497)] locale resources are not loaded
[1113/164039:WARNING:resource_bundle.cc(497)] locale resources are not loaded
[1113/164039:WARNING:resource_bundle.cc(304)] locale_file_path.empty()
[1113/164039:ERROR:main_delegate.cc(564)] Could not load locale pak for en-US
[1113/164039:ERROR:main_delegate.cc(571)] Could not load cef.pak
[1113/164039:ERROR:main_delegate.cc(588)] Could not load cef_100_percent.pak
[1113/164039:WARNING:resource_bundle.cc(304)] locale_file_path.empty()
[1113/164039:ERROR:main_delegate.cc(564)] Could not load locale pak for en-US
[1113/164039:ERROR:main_delegate.cc(571)] Could not load cef.pak
[1113/164039:ERROR:main_delegate.cc(588)] Could not load cef_100_percent.pak
[1113/164039:WARNING:resource_bundle.cc(304)] locale_file_path.empty()
[1113/164039:ERROR:main_delegate.cc(564)] Could not load locale pak for en-US
[1113/164039:ERROR:main_delegate.cc(571)] Could not load cef.pak
[1113/164039:ERROR:main_delegate.cc(588)] Could not load cef_100_percent.pak
[1113/164042:WARNING:resource_bundle.cc(304)] locale_file_path.empty()
[1113/164042:ERROR:main_delegate.cc(564)] Could not load locale pak for en-US
[1113/164042:ERROR:main_delegate.cc(571)] Could not load cef.pak
[1113/164042:ERROR:main_delegate.cc(588)] Could not load cef_100_percent.pak
[1113/164042:WARNING:resource_bundle.cc(497)] locale resources are not loaded
[1113/164043:WARNING:resource_bundle.cc(304)] locale_file_path.empty()
[1113/164043:ERROR:main_delegate.cc(564)] Could not load locale pak for en-US
[1113/164043:ERROR:main_delegate.cc(571)] Could not load cef.pak
[1113/164043:ERROR:main_delegate.cc(588)] Could not load cef_100_percent.pak
[1113/164045:WARNING:resource_bundle.cc(304)] locale_file_path.empty()
[1113/164045:ERROR:main_delegate.cc(564)] Could not load locale pak for en-US
[1113/164045:ERROR:main_delegate.cc(571)] Could not load cef.pak
[1113/164045:ERROR:main_delegate.cc(588)] Could not load cef_100_percent.pak
[1113/164045:ERROR:renderer_main.cc(207)] Running without renderer sandbox
[1113/164045:WARNING:resource_bundle.cc(304)] locale_file_path.empty()
[1113/164045:ERROR:main_delegate.cc(564)] Could not load locale pak for en-US
[1113/164045:ERROR:main_delegate.cc(571)] Could not load cef.pak
[1113/164045:ERROR:main_delegate.cc(588)] Could not load cef_100_percent.pak
[1113/164045:ERROR:renderer_main.cc(207)] Running without renderer sandbox
[1113/164045:WARNING:resource_bundle.cc(304)] locale_file_path.empty()
[1113/164045:ERROR:main_delegate.cc(564)] Could not load locale pak for en-US
[1113/164045:ERROR:main_delegate.cc(571)] Could not load cef.pak
[1113/164045:ERROR:main_delegate.cc(588)] Could not load cef_100_percent.pak
[1113/164045:ERROR:renderer_main.cc(207)] Running without renderer sandbox
[1113/164047:WARNING:resource_bundle.cc(304)] locale_file_path.empty()
[1113/164047:ERROR:main_delegate.cc(564)] Could not load locale pak for en-US
[1113/164047:ERROR:main_delegate.cc(571)] Could not load cef.pak
[1113/164047:ERROR:main_delegate.cc(588)] Could not load cef_100_percent.pak
[1113/164048:WARNING:resource_bundle.cc(497)] locale resources are not loaded
[1113/164048:WARNING:resource_bundle.cc(304)] locale_file_path.empty()
[1113/164048:ERROR:main_delegate.cc(564)] Could not load locale pak for en-US
[1113/164048:ERROR:main_delegate.cc(571)] Could not load cef.pak
[1113/164048:ERROR:main_delegate.cc(588)] Could not load cef_100_percent.pak
[1113/164053:WARNING:resource_bundle.cc(304)] locale_file_path.empty()
[1113/164053:ERROR:main_delegate.cc(564)] Could not load locale pak for en-US
[1113/164053:ERROR:main_delegate.cc(571)] Could not load cef.pak
[1113/164053:ERROR:main_delegate.cc(588)] Could not load cef_100_percent.pak
[1113/164053:ERROR:renderer_main.cc(207)] Running without renderer sandbox
[1113/164055:WARNING:resource_bundle.cc(304)] locale_file_path.empty()
[1113/164055:ERROR:main_delegate.cc(564)] Could not load locale pak for en-US
[1113/164055:ERROR:main_delegate.cc(571)] Could not load cef.pak
[1113/164055:ERROR:main_delegate.cc(588)] Could not load cef_100_percent.pak
[1113/164055:ERROR:renderer_main.cc(207)] Running without renderer sandbox
[1129/173515:WARNING:resource_bundle.cc(304)] locale_file_path.empty()
[1129/173515:ERROR:main_delegate.cc(564)] Could not load locale pak for en-US
[1129/173515:ERROR:main_delegate.cc(571)] Could not load cef.pak
[1129/173515:ERROR:main_delegate.cc(588)] Could not load cef_100_percent.pak
[1129/173515:WARNING:resource_bundle.cc(497)] locale resources are not loaded
[1129/173515:WARNING:resource_bundle.cc(304)] locale_file_path.empty()
[1129/173515:ERROR:main_delegate.cc(564)] Could not load locale pak for en-US
[1129/173515:ERROR:main_delegate.cc(571)] Could not load cef.pak
[1129/173515:ERROR:main_delegate.cc(588)] Could not load cef_100_percent.pak
[1129/173519:WARNING:resource_bundle.cc(304)] locale_file_path.empty()
[1129/173519:ERROR:main_delegate.cc(564)] Could not load locale pak for en-US
[1129/173519:ERROR:main_delegate.cc(571)] Could not load cef.pak
[1129/173519:ERROR:main_delegate.cc(588)] Could not load cef_100_percent.pak
[1129/173519:ERROR:renderer_main.cc(207)] Running without renderer sandbox
[1129/181944:WARNING:resource_bundle.cc(304)] locale_file_path.empty()
[1129/181944:ERROR:main_delegate.cc(564)] Could not load locale pak for en-US
[1129/181944:ERROR:main_delegate.cc(571)] Could not load cef.pak
[1129/181944:ERROR:main_delegate.cc(588)] Could not load cef_100_percent.pak
[1129/181944:WARNING:resource_bundle.cc(497)] locale resources are not loaded
[1129/181944:WARNING:resource_bundle.cc(304)] locale_file_path.empty()
[1129/181944:ERROR:main_delegate.cc(564)] Could not load locale pak for en-US
[1129/181944:ERROR:main_delegate.cc(571)] Could not load cef.pak
[1129/181944:ERROR:main_delegate.cc(588)] Could not load cef_100_percent.pak
[1129/181948:WARNING:resource_bundle.cc(304)] locale_file_path.empty()
[1129/181948:ERROR:main_delegate.cc(564)] Could not load locale pak for en-US
[1129/181948:ERROR:main_delegate.cc(571)] Could not load cef.pak
[1129/181948:ERROR:main_delegate.cc(588)] Could not load cef_100_percent.pak
[1129/181948:ERROR:renderer_main.cc(207)] Running without renderer sandbox
[1129/183044:WARNING:resource_bundle.cc(304)] locale_file_path.empty()
[1129/183044:ERROR:main_delegate.cc(564)] Could not load locale pak for en-US
[1129/183044:ERROR:main_delegate.cc(571)] Could not load cef.pak
[1129/183044:ERROR:main_delegate.cc(588)] Could not load cef_100_percent.pak
[1129/183044:WARNING:resource_bundle.cc(497)] locale resources are not loaded
[1129/183044:WARNING:resource_bundle.cc(304)] locale_file_path.empty()
[1129/183044:ERROR:main_delegate.cc(564)] Could not load locale pak for en-US
[1129/183044:ERROR:main_delegate.cc(571)] Could not load cef.pak
[1129/183044:ERROR:main_delegate.cc(588)] Could not load cef_100_percent.pak
[1129/183047:WARNING:resource_bundle.cc(304)] locale_file_path.empty()
[1129/183047:ERROR:main_delegate.cc(564)] Could not load locale pak for en-US
[1129/183047:ERROR:main_delegate.cc(571)] Could not load cef.pak
[1129/183047:ERROR:main_delegate.cc(588)] Could not load cef_100_percent.pak
[1129/183047:ERROR:renderer_main.cc(207)] Running without renderer sandbox
[1129/183541:WARNING:message_in_transit_queue.cc(18)] Destroying nonempty message queue
[1129/183541:ERROR:gpu_process_transport_factory.cc(437)] Failed to establish GPU channel.
[1129/183541:WARNING:message_in_transit_queue.cc(18)] Destroying nonempty message queue
[1129/183541:ERROR:gpu_process_transport_factory.cc(437)] Failed to establish GPU channel.
[1129/183541:ERROR:gpu_process_transport_factory.cc(461)] Lost UI shared context.
[1129/183543:WARNING:message_in_transit_queue.cc(18)] Destroying nonempty message queue
[1129/183543:ERROR:gpu_process_transport_factory.cc(437)] Failed to establish GPU channel.
[1129/183543:ERROR:gpu_process_transport_factory.cc(461)] Lost UI shared context.
[1129/211412:WARNING:resource_bundle.cc(304)] locale_file_path.empty()
[1129/211412:ERROR:main_delegate.cc(564)] Could not load locale pak for en-US
[1129/211412:ERROR:main_delegate.cc(571)] Could not load cef.pak
[1129/211412:ERROR:main_delegate.cc(588)] Could not load cef_100_percent.pak
[1129/211412:WARNING:resource_bundle.cc(497)] locale resources are not loaded
[1129/211412:WARNING:resource_bundle.cc(304)] locale_file_path.empty()
[1129/211412:ERROR:main_delegate.cc(564)] Could not load locale pak for en-US
[1129/211412:ERROR:main_delegate.cc(571)] Could not load cef.pak
[1129/211412:ERROR:main_delegate.cc(588)] Could not load cef_100_percent.pak
[1129/211415:WARNING:resource_bundle.cc(304)] locale_file_path.empty()
[1129/211415:ERROR:main_delegate.cc(564)] Could not load locale pak for en-US
[1129/211415:ERROR:main_delegate.cc(571)] Could not load cef.pak
[1129/211415:ERROR:main_delegate.cc(588)] Could not load cef_100_percent.pak
[1129/211415:ERROR:renderer_main.cc(207)] Running without renderer sandbox
[1129/211457:WARNING:resource_bundle.cc(304)] locale_file_path.empty()
[1129/211457:ERROR:main_delegate.cc(564)] Could not load locale pak for en-US
[1129/211457:ERROR:main_delegate.cc(571)] Could not load cef.pak
[1129/211457:ERROR:main_delegate.cc(588)] Could not load cef_100_percent.pak
[1129/211457:WARNING:resource_bundle.cc(497)] locale resources are not loaded
[1129/211458:WARNING:resource_bundle.cc(304)] locale_file_path.empty()
[1129/211458:ERROR:main_delegate.cc(564)] Could not load locale pak for en-US
[1129/211458:ERROR:main_delegate.cc(571)] Could not load cef.pak
[1129/211458:ERROR:main_delegate.cc(588)] Could not load cef_100_percent.pak
[1129/211458:WARNING:resource_bundle.cc(304)] locale_file_path.empty()
[1129/211458:ERROR:main_delegate.cc(564)] Could not load locale pak for en-US
[1129/211458:ERROR:main_delegate.cc(571)] Could not load cef.pak
[1129/211458:ERROR:main_delegate.cc(588)] Could not load cef_100_percent.pak
[1129/211458:WARNING:resource_bundle.cc(497)] locale resources are not loaded
[1129/211458:WARNING:resource_bundle.cc(304)] locale_file_path.empty()
[1129/211458:ERROR:main_delegate.cc(564)] Could not load locale pak for en-US
[1129/211458:ERROR:main_delegate.cc(571)] Could not load cef.pak
[1129/211458:ERROR:main_delegate.cc(588)] Could not load cef_100_percent.pak
[1129/211458:WARNING:resource_bundle.cc(304)] locale_file_path.empty()
[1129/211458:ERROR:main_delegate.cc(564)] Could not load locale pak for en-US
[1129/211458:ERROR:main_delegate.cc(571)] Could not load cef.pak
[1129/211458:ERROR:main_delegate.cc(588)] Could not load cef_100_percent.pak
[1129/211458:WARNING:resource_bundle.cc(497)] locale resources are not loaded
[1129/211458:WARNING:resource_bundle.cc(304)] locale_file_path.empty()
[1129/211458:ERROR:main_delegate.cc(564)] Could not load locale pak for en-US
[1129/211458:ERROR:main_delegate.cc(571)] Could not load cef.pak
[1129/211458:ERROR:main_delegate.cc(588)] Could not load cef_100_percent.pak
[1129/211504:WARNING:resource_bundle.cc(304)] locale_file_path.empty()
[1129/211504:ERROR:main_delegate.cc(564)] Could not load locale pak for en-US
[1129/211504:ERROR:main_delegate.cc(571)] Could not load cef.pak
[1129/211504:ERROR:main_delegate.cc(588)] Could not load cef_100_percent.pak
[1129/211504:ERROR:renderer_main.cc(207)] Running without renderer sandbox
[1129/211504:WARNING:resource_bundle.cc(304)] locale_file_path.empty()
[1129/211504:ERROR:main_delegate.cc(564)] Could not load locale pak for en-US
[1129/211504:ERROR:main_delegate.cc(571)] Could not load cef.pak
[1129/211504:ERROR:main_delegate.cc(588)] Could not load cef_100_percent.pak
[1129/211505:ERROR:renderer_main.cc(207)] Running without renderer sandbox
[1129/211505:WARNING:resource_bundle.cc(304)] locale_file_path.empty()
[1129/211505:ERROR:main_delegate.cc(564)] Could not load locale pak for en-US
[1129/211505:ERROR:main_delegate.cc(571)] Could not load cef.pak
[1129/211505:ERROR:main_delegate.cc(588)] Could not load cef_100_percent.pak
[1129/211505:ERROR:renderer_main.cc(207)] Running without renderer sandbox
[1129/211510:WARNING:resource_bundle.cc(304)] locale_file_path.empty()
[1129/211510:ERROR:main_delegate.cc(564)] Could not load locale pak for en-US
[1129/211510:ERROR:main_delegate.cc(571)] Could not load cef.pak
[1129/211510:ERROR:main_delegate.cc(588)] Could not load cef_100_percent.pak
[1129/211510:WARNING:resource_bundle.cc(497)] locale resources are not loaded
[1129/211510:WARNING:resource_bundle.cc(304)] locale_file_path.empty()
[1129/211510:ERROR:main_delegate.cc(564)] Could not load locale pak for en-US
[1129/211510:ERROR:main_delegate.cc(571)] Could not load cef.pak
[1129/211510:ERROR:main_delegate.cc(588)] Could not load cef_100_percent.pak
[1129/211514:WARNING:resource_bundle.cc(304)] locale_file_path.empty()
[1129/211514:ERROR:main_delegate.cc(564)] Could not load locale pak for en-US
[1129/211514:ERROR:main_delegate.cc(571)] Could not load cef.pak
[1129/211514:ERROR:main_delegate.cc(588)] Could not load cef_100_percent.pak
[1129/211514:ERROR:renderer_main.cc(207)] Running without renderer sandbox
